C51 COMPILER V9.60.7.0   LED_______                                                        01/01/2025 16:54:03 PAGE 1   


C51 COMPILER V9.60.7.0, COMPILATION OF MODULE LED_______
OBJECT MODULE PLACED IN .\Objects\LED-流水灯.obj
COMPILER INVOKED BY: D:\Keil_v5\C51\BIN\C51.EXE LED-流水灯.c OPTIMIZE(8,SPEED) BROWSE DEBUG OBJECTEXTEND PRINT(.\Listing
                    -s\LED-流水灯.lst) TABS(2) OBJECT(.\Objects\LED-流水灯.obj)

line level    source

   1          #include <STC89C5xRC.H>
   2          #include <INTRINS.H>
   3          void Delay100ms(void) //@11.0592MHz
   4          {
   5   1        unsigned char data i, j;
   6   1      
   7   1        i = 180;
   8   1        j = 73;
   9   1        do
  10   1        {
  11   2          while (--j);
  12   2        } while (--i);
  13   1      }
  14          
  15          int main()
  16          {
  17   1        unsigned char tmp = 0X01;
  18   1        while(1)
  19   1        {
  20   2          P0 = ~tmp;
  21   2          Delay100ms();
  22   2          tmp <<=1;
  23   2          if(tmp == 0x00)
  24   2          {
  25   3            tmp = 0x01;
  26   3          }
  27   2        }
  28   1        
  29   1        
  30   1      }


MODULE INFORMATION:   STATIC OVERLAYABLE
   CODE SIZE        =     28    ----
   CONSTANT SIZE    =   ----    ----
   XDATA SIZE       =   ----    ----
   PDATA SIZE       =   ----    ----
   DATA SIZE        =   ----    ----
   IDATA SIZE       =   ----    ----
   BIT SIZE         =   ----    ----
END OF MODULE INFORMATION.


C51 COMPILATION COMPLETE.  0 WARNING(S),  0 ERROR(S)
